2024-09-04 04:16:54 [INFO] Config: Applied default config.
2024-09-04 04:16:54 [INFO] Config: Saved config.
2024-09-04 04:16:54 [INFO] CI: Initialized
2024-09-04 04:16:54 [INFO] CI: In Homepage.
2024-09-04 04:16:54 [INFO] CI: Customized image combine mode.
2024-09-04 04:16:54 [INFO] CombineRGBwithA: Retrieving file paths...
2024-09-04 04:16:57 [INFO] CombineRGBwithA: No RGB-image could be matched to "D:\a\HellaAssets\HellaAssets\spine\operator\battle\char_002_amiya\front\char_002_amiya.png"
2024-09-04 04:16:57 [INFO] CombineRGBwithA: No RGB-image could be matched to "D:\a\HellaAssets\HellaAssets\spine\operator\battle\char_002_amiya\back\char_002_amiya.png"
2024-09-04 04:17:02 [INFO] CombineRGBwithA: No RGB-image could be matched to "D:\a\HellaAssets\HellaAssets\spine\operator\battle\char_101_sora\front\char_101_sora.png"
2024-09-04 04:17:02 [INFO] CombineRGBwithA: No RGB-image could be matched to "D:\a\HellaAssets\HellaAssets\spine\operator\battle\char_101_sora_summer#1\front\char_101_sora.png"
2024-09-04 04:17:06 [INFO] CombineRGBwithA: No RGB-image could be matched to "D:\a\HellaAssets\HellaAssets\spine\operator\battle\char_106_franka\back\char_106_franka.png"
2024-09-04 04:17:07 [INFO] CombineRGBwithA: No RGB-image could be matched to "D:\a\HellaAssets\HellaAssets\spine\operator\battle\char_106_franka\front\char_106_franka.png"
2024-09-04 04:17:12 [INFO] CombineRGBwithA: No RGB-image could be matched to "D:\a\HellaAssets\HellaAssets\spine\operator\battle\char_121_lava\back\char_121_lava.png"
2024-09-04 04:17:12 [INFO] CombineRGBwithA: No RGB-image could be matched to "D:\a\HellaAssets\HellaAssets\spine\operator\battle\char_121_lava\front\char_121_lava.png"
2024-09-04 04:17:17 [INFO] CombineRGBwithA: No RGB-image could be matched to "D:\a\HellaAssets\HellaAssets\spine\operator\battle\char_136_hsguma\back\char_136_hsguma.png"
2024-09-04 04:17:18 [INFO] CombineRGBwithA: No RGB-image could be matched to "D:\a\HellaAssets\HellaAssets\spine\operator\battle\char_136_hsguma\front\char_136_hsguma.png"
2024-09-04 04:17:24 [INFO] CombineRGBwithA: No RGB-image could be matched to "D:\a\HellaAssets\HellaAssets\spine\operator\battle\char_157_dagda\back\char_157_dagda.png"
2024-09-04 04:17:24 [INFO] CombineRGBwithA: No RGB-image could be matched to "D:\a\HellaAssets\HellaAssets\spine\operator\battle\char_157_dagda\front\char_157_dagda.png"
2024-09-04 04:17:33 [INFO] CombineRGBwithA: No RGB-image could be matched to "D:\a\HellaAssets\HellaAssets\spine\operator\battle\char_197_poca\back\char_197_poca.png"
2024-09-04 04:17:34 [INFO] CombineRGBwithA: No RGB-image could be matched to "D:\a\HellaAssets\HellaAssets\spine\operator\battle\char_197_poca\front\char_197_poca.png"
2024-09-04 04:17:43 [INFO] CombineRGBwithA: No RGB-image could be matched to "D:\a\HellaAssets\HellaAssets\spine\operator\battle\char_213_mostma\back\char_213_mostma.png"
2024-09-04 04:17:43 [INFO] CombineRGBwithA: No RGB-image could be matched to "D:\a\HellaAssets\HellaAssets\spine\operator\battle\char_213_mostma\front\char_213_mostma.png"
2024-09-04 04:17:43 [INFO] CombineRGBwithA: No RGB-image could be matched to "D:\a\HellaAssets\HellaAssets\spine\operator\battle\char_214_kafka\back\char_214_kafka.png"
2024-09-04 04:17:43 [INFO] CombineRGBwithA: No RGB-image could be matched to "D:\a\HellaAssets\HellaAssets\spine\operator\battle\char_214_kafka\front\char_214_kafka.png"
2024-09-04 04:17:48 [INFO] CombineRGBwithA: No RGB-image could be matched to "D:\a\HellaAssets\HellaAssets\spine\operator\battle\char_235_jesica\back\char_235_jesica.png"
2024-09-04 04:17:48 [INFO] CombineRGBwithA: No RGB-image could be matched to "D:\a\HellaAssets\HellaAssets\spine\operator\battle\char_235_jesica\front\char_235_jesica.png"
2024-09-04 04:17:50 [INFO] CombineRGBwithA: No RGB-image could be matched to "D:\a\HellaAssets\HellaAssets\spine\operator\battle\char_241_panda\back\char_241_panda.png"
2024-09-04 04:17:50 [INFO] CombineRGBwithA: No RGB-image could be matched to "D:\a\HellaAssets\HellaAssets\spine\operator\battle\char_241_panda\front\char_241_panda.png"
2024-09-04 04:17:57 [INFO] CombineRGBwithA: No RGB-image could be matched to "D:\a\HellaAssets\HellaAssets\spine\operator\battle\char_265_sophia\back\char_265_sophia.png"
2024-09-04 04:17:57 [INFO] CombineRGBwithA: No RGB-image could be matched to "D:\a\HellaAssets\HellaAssets\spine\operator\battle\char_265_sophia\front\char_265_sophia.png"
2024-09-04 04:18:01 [INFO] CombineRGBwithA: No RGB-image could be matched to "D:\a\HellaAssets\HellaAssets\spine\operator\battle\char_281_popka\back\char_281_popka.png"
2024-09-04 04:18:01 [INFO] CombineRGBwithA: No RGB-image could be matched to "D:\a\HellaAssets\HellaAssets\spine\operator\battle\char_281_popka\front\char_281_popka.png"
2024-09-04 04:18:03 [INFO] CombineRGBwithA: No RGB-image could be matched to "D:\a\HellaAssets\HellaAssets\spine\operator\battle\char_290_vigna\back\char_290_vigna.png"
2024-09-04 04:18:03 [INFO] CombineRGBwithA: No RGB-image could be matched to "D:\a\HellaAssets\HellaAssets\spine\operator\battle\char_290_vigna\front\char_290_vigna.png"
2024-09-04 04:18:04 [INFO] CombineRGBwithA: No RGB-image could be matched to "D:\a\HellaAssets\HellaAssets\spine\operator\battle\char_291_aglina\front\char_291_aglina.png"
2024-09-04 04:18:07 [INFO] CombineRGBwithA: No RGB-image could be matched to "D:\a\HellaAssets\HellaAssets\spine\operator\battle\char_304_zebra\back\char_304_zebra.png"
2024-09-04 04:18:07 [INFO] CombineRGBwithA: No RGB-image could be matched to "D:\a\HellaAssets\HellaAssets\spine\operator\battle\char_304_zebra\front\char_304_zebra.png"
2024-09-04 04:18:13 [INFO] CombineRGBwithA: No RGB-image could be matched to "D:\a\HellaAssets\HellaAssets\spine\operator\battle\char_341_sntlla\back\char_341_sntlla.png"
2024-09-04 04:18:13 [INFO] CombineRGBwithA: No RGB-image could be matched to "D:\a\HellaAssets\HellaAssets\spine\operator\battle\char_341_sntlla\front\char_341_sntlla.png"
2024-09-04 04:18:15 [INFO] CombineRGBwithA: No RGB-image could be matched to "D:\a\HellaAssets\HellaAssets\spine\operator\battle\char_346_aosta\back\char_346_aosta.png"
2024-09-04 04:18:15 [INFO] CombineRGBwithA: No RGB-image could be matched to "D:\a\HellaAssets\HellaAssets\spine\operator\battle\char_346_aosta\front\char_346_aosta.png"
2024-09-04 04:18:18 [INFO] CombineRGBwithA: No RGB-image could be matched to "D:\a\HellaAssets\HellaAssets\spine\operator\battle\char_356_broca\back\char_356_broca.png"
2024-09-04 04:18:18 [INFO] CombineRGBwithA: No RGB-image could be matched to "D:\a\HellaAssets\HellaAssets\spine\operator\battle\char_356_broca\front\char_356_broca.png"
2024-09-04 04:18:19 [INFO] CombineRGBwithA: No RGB-image could be matched to "D:\a\HellaAssets\HellaAssets\spine\operator\battle\char_358_lisa\back\char_358_lisa.png"
2024-09-04 04:18:19 [INFO] CombineRGBwithA: No RGB-image could be matched to "D:\a\HellaAssets\HellaAssets\spine\operator\battle\char_358_lisa\front\char_358_lisa.png"
2024-09-04 04:18:20 [INFO] CombineRGBwithA: No RGB-image could be matched to "D:\a\HellaAssets\HellaAssets\spine\operator\battle\char_362_saga\back\char_362_saga.png"
2024-09-04 04:18:20 [INFO] CombineRGBwithA: No RGB-image could be matched to "D:\a\HellaAssets\HellaAssets\spine\operator\battle\char_362_saga\front\char_362_saga.png"
2024-09-04 04:18:22 [INFO] CombineRGBwithA: No RGB-image could be matched to "D:\a\HellaAssets\HellaAssets\spine\operator\battle\char_369_bena\back\char_369_bena.png"
2024-09-04 04:18:22 [INFO] CombineRGBwithA: No RGB-image could be matched to "D:\a\HellaAssets\HellaAssets\spine\operator\battle\char_369_bena\front\char_369_bena.png"
2024-09-04 04:18:25 [INFO] CombineRGBwithA: No RGB-image could be matched to "D:\a\HellaAssets\HellaAssets\spine\operator\battle\char_379_sesa\back\char_379_sesa.png"
2024-09-04 04:18:25 [INFO] CombineRGBwithA: No RGB-image could be matched to "D:\a\HellaAssets\HellaAssets\spine\operator\battle\char_379_sesa\front\char_379_sesa.png"
2024-09-04 04:18:29 [INFO] CombineRGBwithA: No RGB-image could be matched to "D:\a\HellaAssets\HellaAssets\spine\operator\battle\char_4013_kjera\back\char_4013_kjera.png"
2024-09-04 04:18:29 [INFO] CombineRGBwithA: No RGB-image could be matched to "D:\a\HellaAssets\HellaAssets\spine\operator\battle\char_4013_kjera\front\char_4013_kjera.png"
2024-09-04 04:18:30 [INFO] CombineRGBwithA: No RGB-image could be matched to "D:\a\HellaAssets\HellaAssets\spine\operator\battle\char_4015_spuria\back\char_4015_spuria.png"
2024-09-04 04:18:30 [INFO] CombineRGBwithA: No RGB-image could be matched to "D:\a\HellaAssets\HellaAssets\spine\operator\battle\char_4015_spuria\front\char_4015_spuria.png"
2024-09-04 04:18:30 [INFO] CombineRGBwithA: No RGB-image could be matched to "D:\a\HellaAssets\HellaAssets\spine\operator\battle\char_4016_kazema\back\char_4016_kazema.png"
2024-09-04 04:18:30 [INFO] CombineRGBwithA: No RGB-image could be matched to "D:\a\HellaAssets\HellaAssets\spine\operator\battle\char_4016_kazema\front\char_4016_kazema.png"
2024-09-04 04:18:44 [INFO] CombineRGBwithA: No RGB-image could be matched to "D:\a\HellaAssets\HellaAssets\spine\operator\battle\char_4091_ulika\front\char_4091_ulika.png"
2024-09-04 04:18:44 [INFO] CombineRGBwithA: No RGB-image could be matched to "D:\a\HellaAssets\HellaAssets\spine\operator\battle\char_4098_vvana\back\char_4098_vvana.png"
2024-09-04 04:18:44 [INFO] CombineRGBwithA: No RGB-image could be matched to "D:\a\HellaAssets\HellaAssets\spine\operator\battle\char_4098_vvana\front\char_4098_vvana.png"
2024-09-04 04:18:45 [INFO] CombineRGBwithA: No RGB-image could be matched to "D:\a\HellaAssets\HellaAssets\spine\operator\battle\char_4106_bryota\back\char_4106_bryota.png"
2024-09-04 04:18:46 [INFO] CombineRGBwithA: No RGB-image could be matched to "D:\a\HellaAssets\HellaAssets\spine\operator\battle\char_4106_bryota\front\char_4106_bryota.png"
2024-09-04 04:18:47 [INFO] CombineRGBwithA: No RGB-image could be matched to "D:\a\HellaAssets\HellaAssets\spine\operator\battle\char_4123_ela\back\char_4123_ela.png"
2024-09-04 04:18:47 [INFO] CombineRGBwithA: No RGB-image could be matched to "D:\a\HellaAssets\HellaAssets\spine\operator\battle\char_4123_ela\front\char_4123_ela.png"
2024-09-04 04:18:47 [INFO] CombineRGBwithA: No RGB-image could be matched to "D:\a\HellaAssets\HellaAssets\spine\operator\battle\char_4131_odda\back\char_4131_odda.png"
2024-09-04 04:18:47 [INFO] CombineRGBwithA: No RGB-image could be matched to "D:\a\HellaAssets\HellaAssets\spine\operator\battle\char_4124_iana\back\char_4124_iana.png"
2024-09-04 04:18:47 [INFO] CombineRGBwithA: No RGB-image could be matched to "D:\a\HellaAssets\HellaAssets\spine\operator\battle\char_4124_iana\front\char_4124_iana.png"
2024-09-04 04:18:47 [INFO] CombineRGBwithA: No RGB-image could be matched to "D:\a\HellaAssets\HellaAssets\spine\operator\battle\char_4131_odda\front\char_4131_odda.png"
2024-09-04 04:18:47 [INFO] CombineRGBwithA: No RGB-image could be matched to "D:\a\HellaAssets\HellaAssets\spine\operator\battle\char_4145_ulpia\back\char_4145_ulpia.png"
2024-09-04 04:18:48 [INFO] CombineRGBwithA: No RGB-image could be matched to "D:\a\HellaAssets\HellaAssets\spine\operator\battle\char_4145_ulpia\front\char_4145_ulpia.png"
2024-09-04 04:18:48 [INFO] CombineRGBwithA: No RGB-image could be matched to "D:\a\HellaAssets\HellaAssets\spine\operator\battle\char_416_zumama\back\char_416_zumama.png"
2024-09-04 04:18:48 [INFO] CombineRGBwithA: No RGB-image could be matched to "D:\a\HellaAssets\HellaAssets\spine\operator\battle\char_416_zumama\front\char_416_zumama.png"
2024-09-04 04:18:49 [INFO] CombineRGBwithA: No RGB-image could be matched to "D:\a\HellaAssets\HellaAssets\spine\operator\battle\char_422_aurora\back\char_422_aurora.png"
2024-09-04 04:18:49 [INFO] CombineRGBwithA: No RGB-image could be matched to "D:\a\HellaAssets\HellaAssets\spine\operator\battle\char_422_aurora\front\char_422_aurora.png"
2024-09-04 04:18:53 [INFO] CombineRGBwithA: No RGB-image could be matched to "D:\a\HellaAssets\HellaAssets\spine\operator\battle\char_446_aroma\back\char_446_aroma.png"
2024-09-04 04:18:54 [INFO] CombineRGBwithA: No RGB-image could be matched to "D:\a\HellaAssets\HellaAssets\spine\operator\battle\char_446_aroma\front\char_446_aroma.png"
2024-09-04 04:19:00 [INFO] CombineRGBwithA: No RGB-image could be matched to "D:\a\HellaAssets\HellaAssets\spine\operator\battle\char_478_kirara\back\char_478_kirara.png"
2024-09-04 04:19:00 [INFO] CombineRGBwithA: No RGB-image could be matched to "D:\a\HellaAssets\HellaAssets\spine\operator\battle\char_478_kirara\front\char_478_kirara.png"
2024-09-04 04:19:01 [INFO] CombineRGBwithA: No RGB-image could be matched to "D:\a\HellaAssets\HellaAssets\spine\operator\battle\char_484_robrta\back\char_484_robrta.png"
2024-09-04 04:19:02 [INFO] CombineRGBwithA: No RGB-image could be matched to "D:\a\HellaAssets\HellaAssets\spine\operator\battle\char_484_robrta\front\char_484_robrta.png"
2024-09-04 04:19:03 [INFO] CombineRGBwithA: No RGB-image could be matched to "D:\a\HellaAssets\HellaAssets\spine\operator\battle\char_486_takila\back\char_486_takila.png"
2024-09-04 04:19:03 [INFO] CombineRGBwithA: No RGB-image could be matched to "D:\a\HellaAssets\HellaAssets\spine\operator\battle\char_486_takila\front\char_486_takila.png"
2024-09-04 04:19:05 [INFO] CombineRGBwithA: No RGB-image could be matched to "D:\a\HellaAssets\HellaAssets\spine\operator\battle\char_494_vendla\back\char_494_vendla.png"
2024-09-04 04:19:05 [INFO] CombineRGBwithA: No RGB-image could be matched to "D:\a\HellaAssets\HellaAssets\spine\operator\battle\char_494_vendla\front\char_494_vendla.png"
2024-09-04 04:19:14 [INFO] CombineRGBwithA: No RGB-image could be matched to "D:\a\HellaAssets\HellaAssets\spine\operator\build\build_char_002_amiya\build_char_002_amiya.png"
2024-09-04 04:19:17 [INFO] CombineRGBwithA: No RGB-image could be matched to "D:\a\HellaAssets\HellaAssets\spine\operator\build\build_char_101_sora\build_char_101_sora.png"
2024-09-04 04:19:21 [INFO] CombineRGBwithA: No RGB-image could be matched to "D:\a\HellaAssets\HellaAssets\spine\operator\build\build_char_106_franka\build_char_106_franka.png"
2024-09-04 04:19:24 [INFO] CombineRGBwithA: No RGB-image could be matched to "D:\a\HellaAssets\HellaAssets\spine\operator\build\build_char_121_lava\build_char_121_lava.png"
2024-09-04 04:19:27 [INFO] CombineRGBwithA: No RGB-image could be matched to "D:\a\HellaAssets\HellaAssets\spine\operator\build\build_char_136_hsguma\build_char_136_hsguma.png"
2024-09-04 04:19:30 [INFO] CombineRGBwithA: No RGB-image could be matched to "D:\a\HellaAssets\HellaAssets\spine\operator\build\build_char_157_dagda\build_char_157_dagda.png"
2024-09-04 04:19:35 [INFO] CombineRGBwithA: No RGB-image could be matched to "D:\a\HellaAssets\HellaAssets\spine\operator\build\build_char_197_poca\build_char_197_poca.png"
2024-09-04 04:19:40 [INFO] CombineRGBwithA: No RGB-image could be matched to "D:\a\HellaAssets\HellaAssets\spine\operator\build\build_char_213_mostma\build_char_213_mostma.png"
2024-09-04 04:19:40 [INFO] CombineRGBwithA: No RGB-image could be matched to "D:\a\HellaAssets\HellaAssets\spine\operator\build\build_char_214_kafka\build_char_214_kafka.png"
2024-09-04 04:19:41 [INFO] CombineRGBwithA: No RGB-image could be matched to "D:\a\HellaAssets\HellaAssets\spine\operator\build\build_char_235_jesica\build_char_235_jesica.png"
2024-09-04 04:19:43 [INFO] CombineRGBwithA: No RGB-image could be matched to "D:\a\HellaAssets\HellaAssets\spine\operator\build\build_char_241_panda\build_char_241_panda.png"
2024-09-04 04:19:46 [INFO] CombineRGBwithA: No RGB-image could be matched to "D:\a\HellaAssets\HellaAssets\spine\operator\build\build_char_265_sophia\build_char_265_sophia.png"
2024-09-04 04:19:48 [INFO] CombineRGBwithA: No RGB-image could be matched to "D:\a\HellaAssets\HellaAssets\spine\operator\build\build_char_281_popka\build_char_281_popka.png"
2024-09-04 04:19:49 [INFO] CombineRGBwithA: No RGB-image could be matched to "D:\a\HellaAssets\HellaAssets\spine\operator\build\build_char_290_vigna\build_char_290_vigna.png"
2024-09-04 04:19:50 [INFO] CombineRGBwithA: No RGB-image could be matched to "D:\a\HellaAssets\HellaAssets\spine\operator\build\build_char_291_aglina\build_char_291_aglina.png"
2024-09-04 04:19:52 [INFO] CombineRGBwithA: No RGB-image could be matched to "D:\a\HellaAssets\HellaAssets\spine\operator\build\build_char_304_zebra\build_char_304_zebra.png"
2024-09-04 04:19:55 [INFO] CombineRGBwithA: No RGB-image could be matched to "D:\a\HellaAssets\HellaAssets\spine\operator\build\build_char_341_sntlla\build_char_341_sntlla.png"
2024-09-04 04:19:56 [INFO] CombineRGBwithA: No RGB-image could be matched to "D:\a\HellaAssets\HellaAssets\spine\operator\build\build_char_346_aosta\build_char_346_aosta.png"
2024-09-04 04:19:57 [INFO] CombineRGBwithA: No RGB-image could be matched to "D:\a\HellaAssets\HellaAssets\spine\operator\build\build_char_356_broca\build_char_356_broca.png"
2024-09-04 04:19:57 [INFO] CombineRGBwithA: No RGB-image could be matched to "D:\a\HellaAssets\HellaAssets\spine\operator\build\build_char_358_lisa\build_char_358_lisa.png"
2024-09-04 04:19:57 [INFO] CombineRGBwithA: No RGB-image could be matched to "D:\a\HellaAssets\HellaAssets\spine\operator\build\build_char_362_saga\build_char_362_saga.png"
2024-09-04 04:19:58 [INFO] CombineRGBwithA: No RGB-image could be matched to "D:\a\HellaAssets\HellaAssets\spine\operator\build\build_char_369_bena\build_char_369_bena.png"
2024-09-04 04:20:00 [INFO] CombineRGBwithA: No RGB-image could be matched to "D:\a\HellaAssets\HellaAssets\spine\operator\build\build_char_379_sesa\build_char_379_sesa.png"
2024-09-04 04:20:02 [INFO] CombineRGBwithA: No RGB-image could be matched to "D:\a\HellaAssets\HellaAssets\spine\operator\build\build_char_4013_kjera\build_char_4013_kjera.png"
2024-09-04 04:20:02 [INFO] CombineRGBwithA: No RGB-image could be matched to "D:\a\HellaAssets\HellaAssets\spine\operator\build\build_char_4015_spuria\build_char_4015_spuria.png"
2024-09-04 04:20:02 [INFO] CombineRGBwithA: No RGB-image could be matched to "D:\a\HellaAssets\HellaAssets\spine\operator\build\build_char_4016_kazema\build_char_4016_kazema.png"
2024-09-04 04:20:09 [INFO] CombineRGBwithA: No RGB-image could be matched to "D:\a\HellaAssets\HellaAssets\spine\operator\build\build_char_4091_ulika\build_char_4091_ulika.png"
2024-09-04 04:20:09 [INFO] CombineRGBwithA: No RGB-image could be matched to "D:\a\HellaAssets\HellaAssets\spine\operator\build\build_char_4098_vvana\build_char_4098_vvana.png"
2024-09-04 04:20:09 [INFO] CombineRGBwithA: No RGB-image could be matched to "D:\a\HellaAssets\HellaAssets\spine\operator\build\build_char_4106_bryota\build_char_4106_bryota.png"
2024-09-04 04:20:10 [INFO] CombineRGBwithA: No RGB-image could be matched to "D:\a\HellaAssets\HellaAssets\spine\operator\build\build_char_4123_ela\build_char_4123_ela.png"
2024-09-04 04:20:10 [INFO] CombineRGBwithA: No RGB-image could be matched to "D:\a\HellaAssets\HellaAssets\spine\operator\build\build_char_4131_odda\build_char_4131_odda.png"
2024-09-04 04:20:10 [INFO] CombineRGBwithA: No RGB-image could be matched to "D:\a\HellaAssets\HellaAssets\spine\operator\build\build_char_4124_iana\build_char_4124_iana.png"
2024-09-04 04:20:10 [INFO] CombineRGBwithA: No RGB-image could be matched to "D:\a\HellaAssets\HellaAssets\spine\operator\build\build_char_4145_ulpia\build_char_4145_ulpia.png"
2024-09-04 04:20:10 [INFO] CombineRGBwithA: No RGB-image could be matched to "D:\a\HellaAssets\HellaAssets\spine\operator\build\build_char_416_zumama\build_char_416_zumama.png"
2024-09-04 04:20:11 [INFO] CombineRGBwithA: No RGB-image could be matched to "D:\a\HellaAssets\HellaAssets\spine\operator\build\build_char_422_aurora\build_char_422_aurora.png"
2024-09-04 04:20:13 [INFO] CombineRGBwithA: No RGB-image could be matched to "D:\a\HellaAssets\HellaAssets\spine\operator\build\build_char_446_aroma\build_char_446_aroma.png"
2024-09-04 04:20:17 [INFO] CombineRGBwithA: No RGB-image could be matched to "D:\a\HellaAssets\HellaAssets\spine\operator\build\build_char_478_kirara\build_char_478_kirara.png"
2024-09-04 04:20:17 [INFO] CombineRGBwithA: No RGB-image could be matched to "D:\a\HellaAssets\HellaAssets\spine\operator\build\build_char_484_robrta\build_char_484_robrta.png"
2024-09-04 04:20:17 [INFO] CombineRGBwithA: No RGB-image could be matched to "D:\a\HellaAssets\HellaAssets\spine\operator\build\build_char_486_takila\build_char_486_takila.png"
2024-09-04 04:20:17 [INFO] CombineRGBwithA: No RGB-image could be matched to "D:\a\HellaAssets\HellaAssets\spine\operator\build\build_char_494_vendla\build_char_494_vendla.png"
2024-09-04 04:20:18 [INFO] CI: In Homepage.
